runmode
	inverse	0 0
	reference	3 292.95682 -26.575718 292.956820 -26.575718
	verbose	0
	mass	4 200 0.350000 mass_4
	ampli	5 200 1000.000000 ampli_5
	end
image
	multfile	1 immul_ongoing.cat
	mult_wcs	1
	forme		-1
	z_m_limit	 1 2.0 1 1.000  6.000  0.1000 
	z_m_limit	 2 4.0 1 1.000  6.000  0.1000 
	z_m_limit	 3 6.0 1 1.000  8.000  0.1000 
	z_m_limit	 4 5.0 1 1.000  8.000  0.1000 
	sigposArcsec		0.500000
	end
grille
	nombre		128
	polaire		0
	nlentille	201
	nlens_opt	3
	nlens_crit	3
	end
source
	z_source	1.250000
	end
potentiel
0
	profil		81
	x_centre	0.000000
	y_centre	0.000000
	ellipticite	0.300000
	angle_pos	55.000000
	v_disp		1000.000000
	core_radius_kpc	50.000000
	cut_radius_kpc	1000.000000
	z_lens		0.350000
	end
limit
0
	x_centre	1 -5.000000 5.000000 0.100000
	y_centre	1 -5.000000 5.000000 0.100000
	ellipticite	1 0.000000 0.700000 0.100000
	angle_pos	1 0.000000 3.141593 0.001745
	core_radius	1 1.000000 35.000000 0.100000
	v_disp		1 800.000000 1300.000000 0.100000
	end
potentiel
1
	profil		81
	x_centre	-4.030000
	y_centre	-40.760000
	ellipticite	0.300000
	angle_pos	55.000000
	v_disp		1000.000000
	core_radius_kpc	50.000000
	cut_radius_kpc	1000.000000
	z_lens		0.350000
	end
limit
1
	x_centre	1 -10.000000 0.000000 0.100000
	y_centre	1 -45.000000 -35.000000 0.100000
	ellipticite	1 0.000000 0.900000 0.100000
	angle_pos	1 0.000000 3.141593 0.001745
	core_radius	1 1.000000 35.000000 0.100000
	v_disp		1 100.000000 800.000000 0.100000
	end
potentiel
2
	profil		81
	x_centre	0.000000
	y_centre	0.000000
	ellipticite	0.273000
	angle_pos	58.820000
	v_disp		100.000000
	core_radius_kpc	0.115000
	cut_radius_kpc	100.000000
	z_lens		0.350000
	end
limit
2
	cut_radius_kpc	1 0.000000 200.000000 0.100000
	v_disp		1 0.000000 300.000000 0.100000
	end
potfile
	filein	1 m1931_CM_zCLASH-MUSE.cat
	zlens	0.350000
	type	81
	corekpc	0.150000
	mag0	19.650000
	sigma	3 158.000000 27.000000
	cutkpc	1 10.000000 100.000000
	slope	0 4.000000 0.000000
	vdslope	0 4.000000 0.000000
	end
potfile
	filein	1 potfile_cl_N-NW-S3.txt
	zlens	0.350000
	type	81
	corekpc	0.000000
	mag0	27.000000
	sigma	1 100.000000 300.000000
	cutkpc	0 10.000000 100.000000
	slope	0 4.000000 4.200000
	vdslope	0 4.000000 0.000000
	vdscatter	0 0.000000 0.000000
	rcutscatter	0 0.000000 0.000000
	end
cline
	nplan		0
	dmax		150.000000
	pas		0.100000
	algorithm		MARCHINGSQUARE
	end
grande
	iso	0 0 0.000000 0.000000 0.000000
	name	best
	profil	0 0
	contour	1 0
	large_dist	0.300000
	end
cosmologie
	H0	70.000000
	omega	0.300000
	lambda	0.700000
	kcourb	0.000000
	end
champ
	dmax	136.500000
	end
fini
For z_s = 1.2500  DLS/DS:0.6446
DLS:0.2589(lt) 1108.86(Mpc) DOS:0.4017(lt) 1720.20(Mpc)
DOL:0.2379(lt) 1018.90(Mpc) DOL_lum:0.4336(lt) 1856.95(Mpc)
Mcrit:2.531472e-03 (10^12 Msol/kpc^2)
Conversion Factor @ z = 0.350000, 1 arcsec == 4.940 kpc
Number of Clumps: 13
-------- Clump O1: PIEMD Kovner, truncated
 Total mass: 1210.957259(cor) 1043.891997 (10^12 M_sol)
 rcut:202.44(") 1000.00(kpc)
 vdisp:1000.00(km/s) b0:43.2598
 rc:10.12(") 50.00(kpc)
 rt:202.44(") 1000.00(kpc)
 r_ct:0.0000 r_cr:0.0000
-------- Clump O2: PIEMD Kovner, truncated
 Total mass: 1210.957259(cor) 1043.891997 (10^12 M_sol)
 rcut:202.44(") 1000.00(kpc)
 vdisp:1000.00(km/s) b0:43.2598
 rc:10.12(") 50.00(kpc)
 rt:202.44(") 1000.00(kpc)
 r_ct:0.0000 r_cr:0.0000
-------- Clump O3: PIEMD Kovner, truncated
 Total mass: 1.210957(cor) 1.094828 (10^12 M_sol)
 rcut:20.24(") 100.00(kpc)
 vdisp:100.00(km/s) b0:0.4326
 rc:0.02(") 0.12(kpc)
 rt:20.24(") 100.00(kpc)
 r_ct:0.0000 r_cr:0.0000
-------- Clump 853.0: PIEMD Kovner, truncated
 Total mass: 0.195219(cor) 0.174090 (10^12 M_sol)
 rcut:1.63(") 8.04(kpc)
 vdisp:141.64(km/s) b0:0.8678
 rc:0.02(") 0.12(kpc)
 rt:1.63(") 8.04(kpc)
 r_ct:0.0000 r_cr:0.0000
-------- Clump 935.0: PIEMD Kovner, truncated
 Total mass: 0.009058(cor) 0.008078 (10^12 M_sol)
 rcut:0.35(") 1.73(kpc)
 vdisp:65.74(km/s) b0:0.1869
 rc:0.01(") 0.03(kpc)
 rt:0.35(") 1.73(kpc)
 r_ct:0.0000 r_cr:0.0000
-------- Clump 942.0: PIEMD Kovner, truncated
 Total mass: 0.049213(cor) 0.043887 (10^12 M_sol)
 rcut:0.82(") 4.03(kpc)
 vdisp:100.36(km/s) b0:0.4357
 rc:0.01(") 0.06(kpc)
 rt:0.82(") 4.03(kpc)
 r_ct:0.0000 r_cr:0.0000
-------- Clump 974.0: PIEMD Kovner, truncated
 Total mass: 0.055381(cor) 0.049387 (10^12 M_sol)
 rcut:0.87(") 4.28(kpc)
 vdisp:103.37(km/s) b0:0.4622
 rc:0.01(") 0.06(kpc)
 rt:0.87(") 4.28(kpc)
 r_ct:0.0000 r_cr:0.0000
-------- Clump 996.0: PIEMD Kovner, truncated
 Total mass: 0.042462(cor) 0.037866 (10^12 M_sol)
 rcut:0.76(") 3.75(kpc)
 vdisp:96.73(km/s) b0:0.4047
 rc:0.01(") 0.06(kpc)
 rt:0.76(") 3.75(kpc)
 r_ct:0.0000 r_cr:0.0000
-------- Clump 1004.0: PIEMD Kovner, truncated
 Total mass: 0.103916(cor) 0.092669 (10^12 M_sol)
 rcut:1.19(") 5.86(kpc)
 vdisp:120.98(km/s) b0:0.6332
 rc:0.02(") 0.09(kpc)
 rt:1.19(") 5.86(kpc)
 r_ct:0.0000 r_cr:0.0000
-------- Clump 9999.99: PIEMD Kovner, truncated
 Total mass: 0.732560(cor) 0.653270 (10^12 M_sol)
 rcut:3.15(") 15.57(kpc)
 vdisp:197.13(km/s) b0:1.6811
 rc:0.05(") 0.23(kpc)
 rt:3.15(") 15.57(kpc)
 r_ct:0.0000 r_cr:0.0000
-------- Clump S3: PIEMD Kovner, truncated
 Total mass: 11.505289(cor) 10.413905 (10^12 M_sol)
 rcut:19.73(") 97.47(kpc)
 vdisp:312.21(km/s) b0:4.2167
 rc:0.00(") 0.00(kpc)
 rt:19.73(") 97.47(kpc)
 r_ct:0.0000 r_cr:0.0000
-------- Clump NW: PIEMD Kovner, truncated
 Total mass: 13.445253(cor) 12.169845 (10^12 M_sol)
 rcut:21.33(") 105.37(kpc)
 vdisp:324.61(km/s) b0:4.5583
 rc:0.00(") 0.00(kpc)
 rt:21.33(") 105.37(kpc)
 r_ct:0.0000 r_cr:0.0000
-------- Clump N: PIEMD Kovner, truncated
 Total mass: 10.465377(cor) 9.472638 (10^12 M_sol)
 rcut:18.82(") 92.96(kpc)
 vdisp:304.90(km/s) b0:4.0216
 rc:0.00(") 0.00(kpc)
 rt:18.82(") 92.96(kpc)
 r_ct:0.0000 r_cr:0.0000
